mode: atomic
digital.vasic.recovery/pkg/breaker/breaker.go:37.39,38.11 1 48
digital.vasic.recovery/pkg/breaker/breaker.go:39.19,40.18 1 25
digital.vasic.recovery/pkg/breaker/breaker.go:41.21,42.21 1 4
digital.vasic.recovery/pkg/breaker/breaker.go:43.17,44.16 1 16
digital.vasic.recovery/pkg/breaker/breaker.go:45.10,46.19 1 3
digital.vasic.recovery/pkg/breaker/breaker.go:51.55,52.11 1 98
digital.vasic.recovery/pkg/breaker/breaker.go:53.27,54.21 1 66
digital.vasic.recovery/pkg/breaker/breaker.go:55.29,56.23 1 5
digital.vasic.recovery/pkg/breaker/breaker.go:57.25,58.19 1 24
digital.vasic.recovery/pkg/breaker/breaker.go:59.10,60.21 1 3
digital.vasic.recovery/pkg/breaker/breaker.go:86.69,88.22 2 130
digital.vasic.recovery/pkg/breaker/breaker.go:88.22,90.3 1 6
digital.vasic.recovery/pkg/breaker/breaker.go:91.2,92.23 2 130
digital.vasic.recovery/pkg/breaker/breaker.go:92.23,94.3 1 117
digital.vasic.recovery/pkg/breaker/breaker.go:96.2,108.3 2 130
digital.vasic.recovery/pkg/breaker/breaker.go:112.101,114.2 1 2
digital.vasic.recovery/pkg/breaker/breaker.go:118.58,125.22 4 32
digital.vasic.recovery/pkg/breaker/breaker.go:125.22,126.17 1 18
digital.vasic.recovery/pkg/breaker/breaker.go:126.17,131.4 1 12
digital.vasic.recovery/pkg/breaker/breaker.go:131.9,135.4 1 6
digital.vasic.recovery/pkg/breaker/breaker.go:138.2,138.27 1 31
digital.vasic.recovery/pkg/breaker/breaker.go:138.27,139.23 1 13
digital.vasic.recovery/pkg/breaker/breaker.go:139.23,144.4 1 8
digital.vasic.recovery/pkg/breaker/breaker.go:145.3,145.30 1 13
digital.vasic.recovery/pkg/breaker/breaker.go:145.30,147.4 1 5
digital.vasic.recovery/pkg/breaker/breaker.go:150.2,150.12 1 31
digital.vasic.recovery/pkg/breaker/breaker.go:154.51,156.2 1 24
digital.vasic.recovery/pkg/breaker/breaker.go:159.45,161.2 1 3
digital.vasic.recovery/pkg/breaker/breaker.go:164.61,172.2 1 5
digital.vasic.recovery/pkg/breaker/breaker.go:175.35,177.22 2 5
digital.vasic.recovery/pkg/breaker/breaker.go:177.22,179.3 1 3
digital.vasic.recovery/pkg/breaker/breaker.go:190.69,195.2 1 12
digital.vasic.recovery/pkg/breaker/breaker.go:198.103,202.44 3 213
digital.vasic.recovery/pkg/breaker/breaker.go:202.44,204.3 1 100
digital.vasic.recovery/pkg/breaker/breaker.go:206.2,207.26 2 113
digital.vasic.recovery/pkg/breaker/breaker.go:207.26,209.3 1 112
digital.vasic.recovery/pkg/breaker/breaker.go:211.2,214.21 3 113
digital.vasic.recovery/pkg/breaker/breaker.go:214.21,216.3 1 5
digital.vasic.recovery/pkg/breaker/breaker.go:217.2,217.11 1 113
digital.vasic.recovery/pkg/breaker/breaker.go:221.66,225.2 3 102
digital.vasic.recovery/pkg/breaker/breaker.go:228.69,233.35 4 4
digital.vasic.recovery/pkg/breaker/breaker.go:233.35,235.3 1 104
digital.vasic.recovery/pkg/breaker/breaker.go:236.2,236.15 1 4
digital.vasic.recovery/pkg/breaker/breaker.go:240.67,245.35 4 2
digital.vasic.recovery/pkg/breaker/breaker.go:245.35,247.3 1 1
digital.vasic.recovery/pkg/breaker/breaker.go:248.2,248.14 1 2
digital.vasic.recovery/pkg/breaker/breaker.go:252.41,256.32 3 2
digital.vasic.recovery/pkg/breaker/breaker.go:256.32,258.3 1 3
digital.vasic.recovery/pkg/breaker/breaker.go:260.2,260.21 1 2
digital.vasic.recovery/pkg/breaker/breaker.go:260.21,262.3 1 1
digital.vasic.recovery/pkg/facade/facade.go:32.45,41.2 2 24
digital.vasic.recovery/pkg/facade/facade.go:45.112,47.2 1 57
digital.vasic.recovery/pkg/facade/facade.go:51.98,56.42 3 37
digital.vasic.recovery/pkg/facade/facade.go:56.42,58.3 1 3
digital.vasic.recovery/pkg/facade/facade.go:60.2,62.16 3 37
digital.vasic.recovery/pkg/facade/facade.go:67.73,70.2 2 90
digital.vasic.recovery/pkg/facade/facade.go:74.53,79.34 4 40
digital.vasic.recovery/pkg/facade/facade.go:79.34,84.3 1 56
digital.vasic.recovery/pkg/facade/facade.go:86.2,89.3 1 40
digital.vasic.recovery/pkg/facade/facade.go:93.29,99.31 4 26
digital.vasic.recovery/pkg/facade/facade.go:99.31,101.3 1 36
digital.vasic.recovery/pkg/health/health.go:50.80,58.2 1 24
digital.vasic.recovery/pkg/health/health.go:61.44,65.2 3 28
digital.vasic.recovery/pkg/health/health.go:70.46,74.12 2 23
digital.vasic.recovery/pkg/health/health.go:74.12,78.7 3 22
digital.vasic.recovery/pkg/health/health.go:78.7,79.11 1 42
digital.vasic.recovery/pkg/health/health.go:80.22,81.11 1 2
digital.vasic.recovery/pkg/health/health.go:82.20,83.11 1 20
digital.vasic.recovery/pkg/health/health.go:84.20,85.17 1 20
digital.vasic.recovery/pkg/health/health.go:92.26,93.9 1 23
digital.vasic.recovery/pkg/health/health.go:94.18,94.18 0 2
digital.vasic.recovery/pkg/health/health.go:96.10,97.18 1 21
digital.vasic.recovery/pkg/health/health.go:102.35,106.2 3 585
digital.vasic.recovery/pkg/health/health.go:109.37,113.2 3 581
digital.vasic.recovery/pkg/health/health.go:116.41,120.2 3 574
digital.vasic.recovery/pkg/health/health.go:123.33,125.2 1 4
digital.vasic.recovery/pkg/health/health.go:128.30,138.16 7 43
digital.vasic.recovery/pkg/health/health.go:138.16,140.22 2 10
digital.vasic.recovery/pkg/health/health.go:140.22,144.4 1 7
digital.vasic.recovery/pkg/health/health.go:145.8,147.53 2 32
digital.vasic.recovery/pkg/health/health.go:147.53,151.4 1 8
