mode: set
digital.vasic.recovery/pkg/breaker/breaker.go:37.39,38.11 1 1
digital.vasic.recovery/pkg/breaker/breaker.go:39.19,40.18 1 1
digital.vasic.recovery/pkg/breaker/breaker.go:41.21,42.21 1 1
digital.vasic.recovery/pkg/breaker/breaker.go:43.17,44.16 1 1
digital.vasic.recovery/pkg/breaker/breaker.go:45.10,46.19 1 1
digital.vasic.recovery/pkg/breaker/breaker.go:51.55,52.11 1 1
digital.vasic.recovery/pkg/breaker/breaker.go:53.27,54.21 1 1
digital.vasic.recovery/pkg/breaker/breaker.go:55.29,56.23 1 1
digital.vasic.recovery/pkg/breaker/breaker.go:57.25,58.19 1 1
digital.vasic.recovery/pkg/breaker/breaker.go:59.10,60.21 1 0
digital.vasic.recovery/pkg/breaker/breaker.go:86.69,88.22 2 1
digital.vasic.recovery/pkg/breaker/breaker.go:88.22,90.3 1 1
digital.vasic.recovery/pkg/breaker/breaker.go:91.2,92.23 2 1
digital.vasic.recovery/pkg/breaker/breaker.go:92.23,94.3 1 1
digital.vasic.recovery/pkg/breaker/breaker.go:96.2,108.3 2 1
digital.vasic.recovery/pkg/breaker/breaker.go:112.101,114.2 1 1
digital.vasic.recovery/pkg/breaker/breaker.go:118.58,125.22 4 1
digital.vasic.recovery/pkg/breaker/breaker.go:125.22,126.17 1 1
digital.vasic.recovery/pkg/breaker/breaker.go:126.17,131.4 1 1
digital.vasic.recovery/pkg/breaker/breaker.go:131.9,135.4 1 1
digital.vasic.recovery/pkg/breaker/breaker.go:138.2,138.27 1 1
digital.vasic.recovery/pkg/breaker/breaker.go:138.27,139.23 1 1
digital.vasic.recovery/pkg/breaker/breaker.go:139.23,144.4 1 1
digital.vasic.recovery/pkg/breaker/breaker.go:145.3,145.30 1 1
digital.vasic.recovery/pkg/breaker/breaker.go:145.30,147.4 1 1
digital.vasic.recovery/pkg/breaker/breaker.go:150.2,150.12 1 1
digital.vasic.recovery/pkg/breaker/breaker.go:154.51,156.2 1 1
digital.vasic.recovery/pkg/breaker/breaker.go:159.45,161.2 1 1
digital.vasic.recovery/pkg/breaker/breaker.go:164.61,172.2 1 1
digital.vasic.recovery/pkg/breaker/breaker.go:175.35,177.22 2 1
digital.vasic.recovery/pkg/breaker/breaker.go:177.22,179.3 1 1
digital.vasic.recovery/pkg/breaker/breaker.go:190.69,195.2 1 1
digital.vasic.recovery/pkg/breaker/breaker.go:198.103,202.44 3 1
digital.vasic.recovery/pkg/breaker/breaker.go:202.44,204.3 1 1
digital.vasic.recovery/pkg/breaker/breaker.go:206.2,207.26 2 1
digital.vasic.recovery/pkg/breaker/breaker.go:207.26,209.3 1 1
digital.vasic.recovery/pkg/breaker/breaker.go:211.2,214.21 3 1
digital.vasic.recovery/pkg/breaker/breaker.go:214.21,216.3 1 1
digital.vasic.recovery/pkg/breaker/breaker.go:217.2,217.11 1 1
digital.vasic.recovery/pkg/breaker/breaker.go:221.66,225.2 3 1
digital.vasic.recovery/pkg/breaker/breaker.go:228.69,233.35 4 1
digital.vasic.recovery/pkg/breaker/breaker.go:233.35,235.3 1 1
digital.vasic.recovery/pkg/breaker/breaker.go:236.2,236.15 1 1
digital.vasic.recovery/pkg/breaker/breaker.go:240.67,245.35 4 1
digital.vasic.recovery/pkg/breaker/breaker.go:245.35,247.3 1 1
digital.vasic.recovery/pkg/breaker/breaker.go:248.2,248.14 1 1
digital.vasic.recovery/pkg/breaker/breaker.go:252.41,256.32 3 1
digital.vasic.recovery/pkg/breaker/breaker.go:256.32,258.3 1 1
digital.vasic.recovery/pkg/breaker/breaker.go:260.2,260.21 1 1
digital.vasic.recovery/pkg/breaker/breaker.go:260.21,262.3 1 1
